[2021-11-12 22:43:27,074] INFO Terminating process due to signal SIGINT (org.apache.kafka.common.utils.LoggingSignalHandler)
[2021-11-12 22:43:27,082] INFO [KafkaServer id=0] shutting down (kafka.server.KafkaServer)
[2021-11-12 22:43:27,083] INFO [KafkaServer id=0] Starting controlled shutdown (kafka.server.KafkaServer)
[2021-11-12 22:43:27,112] INFO [KafkaServer id=0] Controlled shutdown succeeded (kafka.server.KafkaServer)
[2021-11-12 22:43:27,120] INFO [/config/changes-event-process-thread]: Shutting down (kafka.common.ZkNodeChangeNotificationListener$ChangeEventProcessThread)
[2021-11-12 22:43:27,121] INFO [/config/changes-event-process-thread]: Stopped (kafka.common.ZkNodeChangeNotificationListener$ChangeEventProcessThread)
[2021-11-12 22:43:27,121] INFO [/config/changes-event-process-thread]: Shutdown completed (kafka.common.ZkNodeChangeNotificationListener$ChangeEventProcessThread)
[2021-11-12 22:43:27,123] INFO [SocketServer listenerType=ZK_BROKER, nodeId=0] Stopping socket server request processors (kafka.network.SocketServer)
[2021-11-12 22:43:27,132] INFO [SocketServer listenerType=ZK_BROKER, nodeId=0] Stopped socket server request processors (kafka.network.SocketServer)
[2021-11-12 22:43:27,134] INFO [data-plane Kafka Request Handler on Broker 0], shutting down (kafka.server.KafkaRequestHandlerPool)
[2021-11-12 22:43:27,138] INFO [data-plane Kafka Request Handler on Broker 0], shut down completely (kafka.server.KafkaRequestHandlerPool)
[2021-11-12 22:43:27,139] INFO [ExpirationReaper-0-AlterAcls]: Shutting down (kafka.server.DelayedOperationPurgatory$ExpiredOperationReaper)
[2021-11-12 22:43:27,289] INFO [ExpirationReaper-0-AlterAcls]: Stopped (kafka.server.DelayedOperationPurgatory$ExpiredOperationReaper)
[2021-11-12 22:43:27,289] INFO [ExpirationReaper-0-AlterAcls]: Shutdown completed (kafka.server.DelayedOperationPurgatory$ExpiredOperationReaper)
[2021-11-12 22:43:27,290] INFO [KafkaApi-0] Shutdown complete. (kafka.server.KafkaApis)
[2021-11-12 22:43:27,292] INFO [ExpirationReaper-0-topic]: Shutting down (kafka.server.DelayedOperationPurgatory$ExpiredOperationReaper)
[2021-11-12 22:43:27,382] INFO [ExpirationReaper-0-topic]: Stopped (kafka.server.DelayedOperationPurgatory$ExpiredOperationReaper)
[2021-11-12 22:43:27,382] INFO [ExpirationReaper-0-topic]: Shutdown completed (kafka.server.DelayedOperationPurgatory$ExpiredOperationReaper)
[2021-11-12 22:43:27,385] INFO [TransactionCoordinator id=0] Shutting down. (kafka.coordinator.transaction.TransactionCoordinator)
[2021-11-12 22:43:27,388] INFO [Transaction State Manager 0]: Shutdown complete (kafka.coordinator.transaction.TransactionStateManager)
[2021-11-12 22:43:27,388] INFO [Transaction Marker Channel Manager 0]: Shutting down (kafka.coordinator.transaction.TransactionMarkerChannelManager)
[2021-11-12 22:43:27,388] INFO [Transaction Marker Channel Manager 0]: Shutdown completed (kafka.coordinator.transaction.TransactionMarkerChannelManager)
[2021-11-12 22:43:27,388] INFO [Transaction Marker Channel Manager 0]: Stopped (kafka.coordinator.transaction.TransactionMarkerChannelManager)
[2021-11-12 22:43:27,389] INFO [TransactionCoordinator id=0] Shutdown complete. (kafka.coordinator.transaction.TransactionCoordinator)
[2021-11-12 22:43:27,390] INFO [GroupCoordinator 0]: Shutting down. (kafka.coordinator.group.GroupCoordinator)
[2021-11-12 22:43:27,391] INFO [ExpirationReaper-0-Heartbeat]: Shutting down (kafka.server.DelayedOperationPurgatory$ExpiredOperationReaper)
[2021-11-12 22:43:27,565] INFO [ExpirationReaper-0-Heartbeat]: Stopped (kafka.server.DelayedOperationPurgatory$ExpiredOperationReaper)
[2021-11-12 22:43:27,565] INFO [ExpirationReaper-0-Heartbeat]: Shutdown completed (kafka.server.DelayedOperationPurgatory$ExpiredOperationReaper)
[2021-11-12 22:43:27,566] INFO [ExpirationReaper-0-Rebalance]: Shutting down (kafka.server.DelayedOperationPurgatory$ExpiredOperationReaper)
[2021-11-12 22:43:27,771] INFO [ExpirationReaper-0-Rebalance]: Stopped (kafka.server.DelayedOperationPurgatory$ExpiredOperationReaper)
[2021-11-12 22:43:27,771] INFO [ExpirationReaper-0-Rebalance]: Shutdown completed (kafka.server.DelayedOperationPurgatory$ExpiredOperationReaper)
[2021-11-12 22:43:27,772] INFO [GroupCoordinator 0]: Shutdown complete. (kafka.coordinator.group.GroupCoordinator)
[2021-11-12 22:43:27,773] INFO [ReplicaManager broker=0] Shutting down (kafka.server.ReplicaManager)
[2021-11-12 22:43:27,774] INFO [LogDirFailureHandler]: Shutting down (kafka.server.ReplicaManager$LogDirFailureHandler)
[2021-11-12 22:43:27,774] INFO [LogDirFailureHandler]: Shutdown completed (kafka.server.ReplicaManager$LogDirFailureHandler)
[2021-11-12 22:43:27,774] INFO [LogDirFailureHandler]: Stopped (kafka.server.ReplicaManager$LogDirFailureHandler)
[2021-11-12 22:43:27,775] INFO [ReplicaFetcherManager on broker 0] shutting down (kafka.server.ReplicaFetcherManager)
[2021-11-12 22:43:27,777] INFO [ReplicaFetcherManager on broker 0] shutdown completed (kafka.server.ReplicaFetcherManager)
[2021-11-12 22:43:27,777] INFO [ReplicaAlterLogDirsManager on broker 0] shutting down (kafka.server.ReplicaAlterLogDirsManager)
[2021-11-12 22:43:27,778] INFO [ReplicaAlterLogDirsManager on broker 0] shutdown completed (kafka.server.ReplicaAlterLogDirsManager)
[2021-11-12 22:43:27,778] INFO [ExpirationReaper-0-Fetch]: Shutting down (kafka.server.DelayedOperationPurgatory$ExpiredOperationReaper)
[2021-11-12 22:43:27,973] INFO [ExpirationReaper-0-Fetch]: Stopped (kafka.server.DelayedOperationPurgatory$ExpiredOperationReaper)
[2021-11-12 22:43:27,973] INFO [ExpirationReaper-0-Fetch]: Shutdown completed (kafka.server.DelayedOperationPurgatory$ExpiredOperationReaper)
[2021-11-12 22:43:27,974] INFO [ExpirationReaper-0-Produce]: Shutting down (kafka.server.DelayedOperationPurgatory$ExpiredOperationReaper)
[2021-11-12 22:43:28,179] INFO [ExpirationReaper-0-Produce]: Stopped (kafka.server.DelayedOperationPurgatory$ExpiredOperationReaper)
[2021-11-12 22:43:28,179] INFO [ExpirationReaper-0-Produce]: Shutdown completed (kafka.server.DelayedOperationPurgatory$ExpiredOperationReaper)
[2021-11-12 22:43:28,179] INFO [ExpirationReaper-0-DeleteRecords]: Shutting down (kafka.server.DelayedOperationPurgatory$ExpiredOperationReaper)
[2021-11-12 22:43:28,380] INFO [ExpirationReaper-0-DeleteRecords]: Stopped (kafka.server.DelayedOperationPurgatory$ExpiredOperationReaper)
[2021-11-12 22:43:28,380] INFO [ExpirationReaper-0-DeleteRecords]: Shutdown completed (kafka.server.DelayedOperationPurgatory$ExpiredOperationReaper)
[2021-11-12 22:43:28,380] INFO [ExpirationReaper-0-ElectLeader]: Shutting down (kafka.server.DelayedOperationPurgatory$ExpiredOperationReaper)
[2021-11-12 22:43:28,580] INFO [ExpirationReaper-0-ElectLeader]: Stopped (kafka.server.DelayedOperationPurgatory$ExpiredOperationReaper)
[2021-11-12 22:43:28,580] INFO [ExpirationReaper-0-ElectLeader]: Shutdown completed (kafka.server.DelayedOperationPurgatory$ExpiredOperationReaper)
[2021-11-12 22:43:28,593] INFO [ReplicaManager broker=0] Shut down completely (kafka.server.ReplicaManager)
[2021-11-12 22:43:28,593] INFO [BrokerToControllerChannelManager broker=0 name=alterIsr]: Shutting down (kafka.server.BrokerToControllerRequestThread)
[2021-11-12 22:43:28,594] INFO [BrokerToControllerChannelManager broker=0 name=alterIsr]: Shutdown completed (kafka.server.BrokerToControllerRequestThread)
[2021-11-12 22:43:28,594] INFO [BrokerToControllerChannelManager broker=0 name=alterIsr]: Stopped (kafka.server.BrokerToControllerRequestThread)
[2021-11-12 22:43:28,598] INFO Broker to controller channel manager for alterIsr shutdown (kafka.server.BrokerToControllerChannelManagerImpl)
[2021-11-12 22:43:28,598] INFO [BrokerToControllerChannelManager broker=0 name=forwarding]: Shutting down (kafka.server.BrokerToControllerRequestThread)
[2021-11-12 22:43:28,599] INFO [BrokerToControllerChannelManager broker=0 name=forwarding]: Stopped (kafka.server.BrokerToControllerRequestThread)
[2021-11-12 22:43:28,599] INFO [BrokerToControllerChannelManager broker=0 name=forwarding]: Shutdown completed (kafka.server.BrokerToControllerRequestThread)
[2021-11-12 22:43:28,600] INFO Broker to controller channel manager for forwarding shutdown (kafka.server.BrokerToControllerChannelManagerImpl)
[2021-11-12 22:43:28,600] INFO Shutting down. (kafka.log.LogManager)
[2021-11-12 22:43:28,666] INFO [ProducerStateManager partition=__consumer_offsets-13] Wrote producer snapshot at offset 332 with 0 producer ids in 7 ms. (kafka.log.ProducerStateManager)
[2021-11-12 22:43:29,013] INFO Shutdown complete. (kafka.log.LogManager)
[2021-11-12 22:43:29,024] INFO [feature-zk-node-event-process-thread]: Shutting down (kafka.server.FinalizedFeatureChangeListener$ChangeNotificationProcessorThread)
[2021-11-12 22:43:29,024] INFO [feature-zk-node-event-process-thread]: Shutdown completed (kafka.server.FinalizedFeatureChangeListener$ChangeNotificationProcessorThread)
[2021-11-12 22:43:29,024] INFO [feature-zk-node-event-process-thread]: Stopped (kafka.server.FinalizedFeatureChangeListener$ChangeNotificationProcessorThread)
[2021-11-12 22:43:29,025] INFO [ZooKeeperClient Kafka server] Closing. (kafka.zookeeper.ZooKeeperClient)
[2021-11-12 22:43:29,140] INFO Session: 0x100097b9fe90000 closed (org.apache.zookeeper.ZooKeeper)
[2021-11-12 22:43:29,140] INFO EventThread shut down for session: 0x100097b9fe90000 (org.apache.zookeeper.ClientCnxn)
[2021-11-12 22:43:29,141] INFO [ZooKeeperClient Kafka server] Closed. (kafka.zookeeper.ZooKeeperClient)
[2021-11-12 22:43:29,142] INFO [ThrottledChannelReaper-Fetch]: Shutting down (kafka.server.ClientQuotaManager$ThrottledChannelReaper)
[2021-11-12 22:43:29,194] INFO [ThrottledChannelReaper-Fetch]: Stopped (kafka.server.ClientQuotaManager$ThrottledChannelReaper)
[2021-11-12 22:43:29,195] INFO [ThrottledChannelReaper-Fetch]: Shutdown completed (kafka.server.ClientQuotaManager$ThrottledChannelReaper)
[2021-11-12 22:43:29,195] INFO [ThrottledChannelReaper-Produce]: Shutting down (kafka.server.ClientQuotaManager$ThrottledChannelReaper)
[2021-11-12 22:43:29,937] INFO [ThrottledChannelReaper-Produce]: Stopped (kafka.server.ClientQuotaManager$ThrottledChannelReaper)
[2021-11-12 22:43:29,938] INFO [ThrottledChannelReaper-Produce]: Shutdown completed (kafka.server.ClientQuotaManager$ThrottledChannelReaper)
[2021-11-12 22:43:29,938] INFO [ThrottledChannelReaper-Request]: Shutting down (kafka.server.ClientQuotaManager$ThrottledChannelReaper)
[2021-11-12 22:43:30,275] INFO [ThrottledChannelReaper-Request]: Stopped (kafka.server.ClientQuotaManager$ThrottledChannelReaper)
[2021-11-12 22:43:30,276] INFO [ThrottledChannelReaper-Request]: Shutdown completed (kafka.server.ClientQuotaManager$ThrottledChannelReaper)
[2021-11-12 22:43:30,276] INFO [ThrottledChannelReaper-ControllerMutation]: Shutting down (kafka.server.ClientQuotaManager$ThrottledChannelReaper)
[2021-11-12 22:43:31,195] INFO [ThrottledChannelReaper-ControllerMutation]: Stopped (kafka.server.ClientQuotaManager$ThrottledChannelReaper)
[2021-11-12 22:43:31,195] INFO [ThrottledChannelReaper-ControllerMutation]: Shutdown completed (kafka.server.ClientQuotaManager$ThrottledChannelReaper)
[2021-11-12 22:43:31,197] INFO [SocketServer listenerType=ZK_BROKER, nodeId=0] Shutting down socket server (kafka.network.SocketServer)
[2021-11-12 22:43:31,256] INFO [SocketServer listenerType=ZK_BROKER, nodeId=0] Shutdown completed (kafka.network.SocketServer)
[2021-11-12 22:43:31,257] INFO Metrics scheduler closed (org.apache.kafka.common.metrics.Metrics)
[2021-11-12 22:43:31,258] INFO Closing reporter org.apache.kafka.common.metrics.JmxReporter (org.apache.kafka.common.metrics.Metrics)
[2021-11-12 22:43:31,258] INFO Metrics reporters closed (org.apache.kafka.common.metrics.Metrics)
[2021-11-12 22:43:31,261] INFO Broker and topic stats closed (kafka.server.BrokerTopicStats)
[2021-11-12 22:43:31,262] INFO App info kafka.server for 0 unregistered (org.apache.kafka.common.utils.AppInfoParser)
[2021-11-12 22:43:31,263] INFO [KafkaServer id=0] shut down completed (kafka.server.KafkaServer)
